<?xml version="1.0" encoding="UTF-8"?>
<!-- Generated by org.testng.reporters.JUnitReportReporter -->
<testsuite skipped="0" hostname="DESKTOP-K9EHMR9" name="com.las.demo" tests="4" failures="0" timestamp="2020-08-27T18:25:09 IST" time="0.018" errors="0">
  <testcase name="div" time="0.017" classname="com.las.demo"/>
  <system-out/>
  <testcase name="sub" time="0.001" classname="com.las.demo"/>
  <system-out/>
  <testcase name="mul" time="0.000" classname="com.las.demo"/>
  <system-out/>
  <testcase name="sum" time="0.000" classname="com.las.demo"/>
  <system-out/>
</testsuite> <!-- com.las.demo -->
